<?xml version="1.0" encoding="UTF-8"?>
<testng-results ignored="0" total="1" passed="1" failed="0" skipped="0">
  <reporter-output>
  </reporter-output>
  <suite started-at="2021-08-12T14:48:34 IST" name="Default suite" finished-at="2021-08-12T14:49:11 IST" duration-ms="37543">
    <groups>
    </groups>
    <test started-at="2021-08-12T14:48:34 IST" name="Default test" finished-at="2021-08-12T14:49:11 IST" duration-ms="37543">
      <class name="FirstGradle.Tes">
        <test-method signature="FristCase()[pri:0, instance:FirstGradle.Tes@4a22f9e2]" started-at="2021-08-12T14:48:34 IST" name="FristCase" finished-at="2021-08-12T14:49:11 IST" duration-ms="37507" status="PASS">
          <reporter-output>
          </reporter-output>
        </test-method> <!-- FristCase -->
      </class> <!-- FirstGradle.Tes -->
    </test> <!-- Default test -->
  </suite> <!-- Default suite -->
</testng-results>
